\BOOKMARK [0][-]{chapter.1}{\376\377\0001\000\040\000\315\000n\000d\000i\000c\000e\000\040\000d\000a\000s\000\040\000e\000s\000t\000r\000u\000t\000u\000r\000a\000s\000\040\000d\000e\000\040\000d\000a\000d\000o\000s}{}% 1
\BOOKMARK [1][-]{section.1.1}{\376\377\0001\000.\0001\000\040\000E\000s\000t\000r\000u\000t\000u\000r\000a\000s\000\040\000d\000e\000\040\000d\000a\000d\000o\000s}{chapter.1}% 2
\BOOKMARK [0][-]{chapter.2}{\376\377\0002\000\040\000\315\000n\000d\000i\000c\000e\000\040\000d\000o\000s\000\040\000f\000i\000c\000h\000e\000i\000r\000o\000s}{}% 3
\BOOKMARK [1][-]{section.2.1}{\376\377\0002\000.\0001\000\040\000L\000i\000s\000t\000a\000\040\000d\000e\000\040\000f\000i\000c\000h\000e\000i\000r\000o\000s}{chapter.2}% 4
\BOOKMARK [0][-]{chapter.3}{\376\377\0003\000\040\000D\000o\000c\000u\000m\000e\000n\000t\000a\000\347\000\343\000o\000\040\000d\000a\000\040\000e\000s\000t\000r\000u\000t\000u\000r\000a\000s\000\040\000d\000e\000\040\000d\000a\000d\000o\000s}{}% 5
\BOOKMARK [1][-]{section.3.1}{\376\377\0003\000.\0001\000\040\000R\000e\000f\000e\000r\000\352\000n\000c\000i\000a\000\040\000\340\000\040\000e\000s\000t\000r\000u\000t\000u\000r\000a\000\040\000A\000n\000t\000e\000n\000a}{chapter.3}% 6
\BOOKMARK [2][-]{subsection.3.1.1}{\376\377\0003\000.\0001\000.\0001\000\040\000D\000e\000s\000c\000r\000i\000\347\000\343\000o\000\040\000d\000e\000t\000a\000l\000h\000a\000d\000a}{section.3.1}% 7
\BOOKMARK [1][-]{section.3.2}{\376\377\0003\000.\0002\000\040\000R\000e\000f\000e\000r\000\352\000n\000c\000i\000a\000\040\000\340\000\040\000e\000s\000t\000r\000u\000t\000u\000r\000a\000\040\000A\000r\000e\000s\000t\000a}{chapter.3}% 8
\BOOKMARK [2][-]{subsection.3.2.1}{\376\377\0003\000.\0002\000.\0001\000\040\000D\000e\000s\000c\000r\000i\000\347\000\343\000o\000\040\000d\000e\000t\000a\000l\000h\000a\000d\000a}{section.3.2}% 9
\BOOKMARK [1][-]{section.3.3}{\376\377\0003\000.\0003\000\040\000R\000e\000f\000e\000r\000\352\000n\000c\000i\000a\000\040\000\340\000\040\000e\000s\000t\000r\000u\000t\000u\000r\000a\000\040\000b\000f\000s\000l\000i\000s\000t\000a}{chapter.3}% 10
\BOOKMARK [2][-]{subsection.3.3.1}{\376\377\0003\000.\0003\000.\0001\000\040\000D\000e\000s\000c\000r\000i\000\347\000\343\000o\000\040\000d\000e\000t\000a\000l\000h\000a\000d\000a}{section.3.3}% 11
\BOOKMARK [1][-]{section.3.4}{\376\377\0003\000.\0004\000\040\000R\000e\000f\000e\000r\000\352\000n\000c\000i\000a\000\040\000\340\000\040\000e\000s\000t\000r\000u\000t\000u\000r\000a\000\040\000C\000a\000m\000i\000n\000h\000o}{chapter.3}% 12
\BOOKMARK [2][-]{subsection.3.4.1}{\376\377\0003\000.\0004\000.\0001\000\040\000D\000e\000s\000c\000r\000i\000\347\000\343\000o\000\040\000d\000e\000t\000a\000l\000h\000a\000d\000a}{section.3.4}% 13
\BOOKMARK [1][-]{section.3.5}{\376\377\0003\000.\0005\000\040\000R\000e\000f\000e\000r\000\352\000n\000c\000i\000a\000\040\000\340\000\040\000e\000s\000t\000r\000u\000t\000u\000r\000a\000\040\000d\000f\000s\000l\000i\000s\000t\000a}{chapter.3}% 14
\BOOKMARK [2][-]{subsection.3.5.1}{\376\377\0003\000.\0005\000.\0001\000\040\000D\000e\000s\000c\000r\000i\000\347\000\343\000o\000\040\000d\000e\000t\000a\000l\000h\000a\000d\000a}{section.3.5}% 15
\BOOKMARK [1][-]{section.3.6}{\376\377\0003\000.\0006\000\040\000R\000e\000f\000e\000r\000\352\000n\000c\000i\000a\000\040\000\340\000\040\000e\000s\000t\000r\000u\000t\000u\000r\000a\000\040\000F\000i\000l\000a}{chapter.3}% 16
\BOOKMARK [2][-]{subsection.3.6.1}{\376\377\0003\000.\0006\000.\0001\000\040\000D\000e\000s\000c\000r\000i\000\347\000\343\000o\000\040\000d\000e\000t\000a\000l\000h\000a\000d\000a}{section.3.6}% 17
\BOOKMARK [1][-]{section.3.7}{\376\377\0003\000.\0007\000\040\000R\000e\000f\000e\000r\000\352\000n\000c\000i\000a\000\040\000\340\000\040\000e\000s\000t\000r\000u\000t\000u\000r\000a\000\040\000G\000r\000a\000f\000o}{chapter.3}% 18
\BOOKMARK [2][-]{subsection.3.7.1}{\376\377\0003\000.\0007\000.\0001\000\040\000D\000e\000s\000c\000r\000i\000\347\000\343\000o\000\040\000d\000e\000t\000a\000l\000h\000a\000d\000a}{section.3.7}% 19
\BOOKMARK [1][-]{section.3.8}{\376\377\0003\000.\0008\000\040\000R\000e\000f\000e\000r\000\352\000n\000c\000i\000a\000\040\000\340\000\040\000e\000s\000t\000r\000u\000t\000u\000r\000a\000\040\000i\000n\000t\000e\000r\000l\000i\000s\000t\000a}{chapter.3}% 20
\BOOKMARK [2][-]{subsection.3.8.1}{\376\377\0003\000.\0008\000.\0001\000\040\000D\000e\000s\000c\000r\000i\000\347\000\343\000o\000\040\000d\000e\000t\000a\000l\000h\000a\000d\000a}{section.3.8}% 21
\BOOKMARK [1][-]{section.3.9}{\376\377\0003\000.\0009\000\040\000R\000e\000f\000e\000r\000\352\000n\000c\000i\000a\000\040\000\340\000\040\000e\000s\000t\000r\000u\000t\000u\000r\000a\000\040\000N\000o\000C\000a\000m\000i\000n\000h\000o}{chapter.3}% 22
\BOOKMARK [2][-]{subsection.3.9.1}{\376\377\0003\000.\0009\000.\0001\000\040\000D\000e\000s\000c\000r\000i\000\347\000\343\000o\000\040\000d\000e\000t\000a\000l\000h\000a\000d\000a}{section.3.9}% 23
\BOOKMARK [0][-]{chapter.4}{\376\377\0004\000\040\000D\000o\000c\000u\000m\000e\000n\000t\000a\000\347\000\343\000o\000\040\000d\000o\000\040\000f\000i\000c\000h\000e\000i\000r\000o}{}% 24
\BOOKMARK [1][-]{section.4.1}{\376\377\0004\000.\0001\000\040\000e\000s\000t\000r\000u\000t\000u\000r\000a\000s\000.\000h}{chapter.4}% 25
\BOOKMARK [1][-]{section.4.2}{\376\377\0004\000.\0002\000\040\000R\000e\000f\000e\000r\000\352\000n\000c\000i\000a\000\040\000a\000o\000\040\000f\000i\000c\000h\000e\000i\000r\000o\000\040\000i\000n\000c\000l\000u\000d\000e\000/\000f\000u\000n\000c\000.\000h}{chapter.4}% 26
\BOOKMARK [2][-]{subsection.4.2.1}{\376\377\0004\000.\0002\000.\0001\000\040\000D\000e\000s\000c\000r\000i\000\347\000\343\000o\000\040\000d\000e\000t\000a\000l\000h\000a\000d\000a}{section.4.2}% 27
\BOOKMARK [2][-]{subsection.4.2.2}{\376\377\0004\000.\0002\000.\0002\000\040\000D\000o\000c\000u\000m\000e\000n\000t\000a\000\347\000\343\000o\000\040\000d\000a\000s\000\040\000f\000u\000n\000\347\000\365\000e\000s}{section.4.2}% 28
\BOOKMARK [3][-]{subsubsection.4.2.2.1}{\376\377\0004\000.\0002\000.\0002\000.\0001\000\040\000a\000d\000i\000c\000i\000o\000n\000a\000r\000A\000o\000C\000a\000m\000i\000n\000o\000\050\000\051}{subsection.4.2.2}% 29
\BOOKMARK [3][-]{subsubsection.4.2.2.2}{\376\377\0004\000.\0002\000.\0002\000.\0002\000\040\000c\000a\000r\000r\000e\000g\000a\000r\000A\000n\000t\000e\000n\000a\000s\000\050\000\051}{subsection.4.2.2}% 30
\BOOKMARK [3][-]{subsubsection.4.2.2.3}{\376\377\0004\000.\0002\000.\0002\000.\0003\000\040\000c\000r\000i\000a\000r\000A\000r\000e\000s\000t\000a\000\050\000\051}{subsection.4.2.2}% 31
\BOOKMARK [3][-]{subsubsection.4.2.2.4}{\376\377\0004\000.\0002\000.\0002\000.\0004\000\040\000c\000r\000i\000a\000r\000G\000r\000a\000f\000o\000\050\000\051}{subsection.4.2.2}% 32
\BOOKMARK [3][-]{subsubsection.4.2.2.5}{\376\377\0004\000.\0002\000.\0002\000.\0005\000\040\000c\000r\000i\000a\000r\000V\000e\000r\000t\000i\000c\000e\000\050\000\051}{subsection.4.2.2}% 33
\BOOKMARK [3][-]{subsubsection.4.2.2.6}{\376\377\0004\000.\0002\000.\0002\000.\0006\000\040\000d\000e\000s\000e\000n\000f\000i\000l\000e\000i\000r\000a\000r\000\050\000\051}{subsection.4.2.2}% 34
\BOOKMARK [3][-]{subsubsection.4.2.2.7}{\376\377\0004\000.\0002\000.\0002\000.\0007\000\040\000d\000e\000t\000e\000t\000a\000r\000I\000n\000t\000e\000r\000s\000e\000c\000o\000e\000s\000\050\000\051}{subsection.4.2.2}% 35
\BOOKMARK [3][-]{subsubsection.4.2.2.8}{\376\377\0004\000.\0002\000.\0002\000.\0008\000\040\000d\000f\000s\000\050\000\051}{subsection.4.2.2}% 36
\BOOKMARK [3][-]{subsubsection.4.2.2.9}{\376\377\0004\000.\0002\000.\0002\000.\0009\000\040\000d\000f\000s\000B\000a\000c\000k\000t\000r\000a\000c\000k\000i\000n\000g\000\050\000\051}{subsection.4.2.2}% 37
\BOOKMARK [3][-]{subsubsection.4.2.2.10}{\376\377\0004\000.\0002\000.\0002\000.\0001\0000\000\040\000e\000n\000c\000o\000n\000t\000r\000a\000r\000C\000a\000m\000i\000n\000h\000o\000D\000F\000S\000\050\000\051}{subsection.4.2.2}% 38
\BOOKMARK [3][-]{subsubsection.4.2.2.11}{\376\377\0004\000.\0002\000.\0002\000.\0001\0001\000\040\000e\000n\000f\000i\000l\000e\000i\000r\000a\000r\000\050\000\051}{subsection.4.2.2}% 39
\BOOKMARK [3][-]{subsubsection.4.2.2.12}{\376\377\0004\000.\0002\000.\0002\000.\0001\0002\000\040\000e\000s\000c\000r\000e\000v\000e\000r\000A\000n\000t\000e\000n\000a\000s\000\050\000\051}{subsection.4.2.2}% 40
\BOOKMARK [3][-]{subsubsection.4.2.2.13}{\376\377\0004\000.\0002\000.\0002\000.\0001\0003\000\040\000e\000s\000c\000r\000e\000v\000e\000r\000B\000F\000S\000\050\000\051}{subsection.4.2.2}% 41
\BOOKMARK [3][-]{subsubsection.4.2.2.14}{\376\377\0004\000.\0002\000.\0002\000.\0001\0004\000\040\000e\000s\000c\000r\000e\000v\000e\000r\000B\000l\000o\000c\000o\000\050\000\051}{subsection.4.2.2}% 42
\BOOKMARK [3][-]{subsubsection.4.2.2.15}{\376\377\0004\000.\0002\000.\0002\000.\0001\0005\000\040\000e\000s\000c\000r\000e\000v\000e\000r\000C\000a\000m\000i\000n\000h\000o\000\050\000\051}{subsection.4.2.2}% 43
\BOOKMARK [3][-]{subsubsection.4.2.2.16}{\376\377\0004\000.\0002\000.\0002\000.\0001\0006\000\040\000e\000s\000c\000r\000e\000v\000e\000r\000D\000F\000S\000\050\000\051}{subsection.4.2.2}% 44
\BOOKMARK [3][-]{subsubsection.4.2.2.17}{\376\377\0004\000.\0002\000.\0002\000.\0001\0007\000\040\000e\000s\000c\000r\000e\000v\000e\000r\000I\000n\000t\000e\000r\000s\000e\000c\000o\000e\000s\000\050\000\051}{subsection.4.2.2}% 45
\BOOKMARK [3][-]{subsubsection.4.2.2.18}{\376\377\0004\000.\0002\000.\0002\000.\0001\0008\000\040\000e\000x\000e\000c\000B\000f\000s\000\050\000\051}{subsection.4.2.2}% 46
\BOOKMARK [3][-]{subsubsection.4.2.2.19}{\376\377\0004\000.\0002\000.\0002\000.\0001\0009\000\040\000e\000x\000e\000c\000D\000f\000s\000\050\000\051}{subsection.4.2.2}% 47
\BOOKMARK [3][-]{subsubsection.4.2.2.20}{\376\377\0004\000.\0002\000.\0002\000.\0002\0000\000\040\000f\000i\000l\000a\000V\000a\000z\000i\000a\000\050\000\051}{subsection.4.2.2}% 48
\BOOKMARK [3][-]{subsubsection.4.2.2.21}{\376\377\0004\000.\0002\000.\0002\000.\0002\0001\000\040\000f\000r\000e\000e\000M\000e\000m\000\050\000\051}{subsection.4.2.2}% 49
\BOOKMARK [3][-]{subsubsection.4.2.2.22}{\376\377\0004\000.\0002\000.\0002\000.\0002\0002\000\040\000i\000n\000i\000c\000i\000a\000l\000i\000z\000a\000r\000F\000i\000l\000a\000\050\000\051}{subsection.4.2.2}% 50
\BOOKMARK [3][-]{subsubsection.4.2.2.23}{\376\377\0004\000.\0002\000.\0002\000.\0002\0003\000\040\000i\000n\000s\000e\000r\000i\000r\000A\000r\000e\000s\000t\000a\000s\000\050\000\051}{subsection.4.2.2}% 51
\BOOKMARK [3][-]{subsubsection.4.2.2.24}{\376\377\0004\000.\0002\000.\0002\000.\0002\0004\000\040\000l\000e\000r\000F\000i\000c\000h\000e\000i\000r\000o\000E\000s\000c\000r\000e\000v\000e\000r\000O\000u\000t\000p\000u\000t\000\050\000\051}{subsection.4.2.2}% 52
\BOOKMARK [3][-]{subsubsection.4.2.2.25}{\376\377\0004\000.\0002\000.\0002\000.\0002\0005\000\040\000p\000r\000o\000c\000u\000r\000a\000r\000A\000n\000t\000e\000n\000a\000I\000d\000\050\000\051}{subsection.4.2.2}% 53
\BOOKMARK [3][-]{subsubsection.4.2.2.26}{\376\377\0004\000.\0002\000.\0002\000.\0002\0006\000\040\000r\000e\000m\000o\000v\000e\000r\000D\000o\000C\000a\000m\000i\000n\000h\000o\000\050\000\051}{subsection.4.2.2}% 54
\BOOKMARK [3][-]{subsubsection.4.2.2.27}{\376\377\0004\000.\0002\000.\0002\000.\0002\0007\000\040\000s\000e\000g\000m\000e\000n\000t\000o\000s\000S\000e\000C\000r\000u\000z\000a\000m\000\050\000\051}{subsection.4.2.2}% 55
\BOOKMARK [1][-]{section.4.3}{\376\377\0004\000.\0003\000\040\000f\000u\000n\000c\000.\000h}{chapter.4}% 56
\BOOKMARK [1][-]{section.4.4}{\376\377\0004\000.\0004\000\040\000R\000e\000f\000e\000r\000\352\000n\000c\000i\000a\000\040\000a\000o\000\040\000f\000i\000c\000h\000e\000i\000r\000o\000\040\000s\000r\000c\000/\000f\000u\000n\000c\000.\000c}{chapter.4}% 57
\BOOKMARK [2][-]{subsection.4.4.1}{\376\377\0004\000.\0004\000.\0001\000\040\000D\000e\000s\000c\000r\000i\000\347\000\343\000o\000\040\000d\000e\000t\000a\000l\000h\000a\000d\000a}{section.4.4}% 58
\BOOKMARK [2][-]{subsection.4.4.2}{\376\377\0004\000.\0004\000.\0002\000\040\000D\000o\000c\000u\000m\000e\000n\000t\000a\000\347\000\343\000o\000\040\000d\000a\000s\000\040\000f\000u\000n\000\347\000\365\000e\000s}{section.4.4}% 59
\BOOKMARK [3][-]{subsubsection.4.4.2.1}{\376\377\0004\000.\0004\000.\0002\000.\0001\000\040\000a\000d\000i\000c\000i\000o\000n\000a\000r\000A\000o\000C\000a\000m\000i\000n\000o\000\050\000\051}{subsection.4.4.2}% 60
\BOOKMARK [3][-]{subsubsection.4.4.2.2}{\376\377\0004\000.\0004\000.\0002\000.\0002\000\040\000c\000a\000r\000r\000e\000g\000a\000r\000A\000n\000t\000e\000n\000a\000s\000\050\000\051}{subsection.4.4.2}% 61
\BOOKMARK [3][-]{subsubsection.4.4.2.3}{\376\377\0004\000.\0004\000.\0002\000.\0003\000\040\000c\000r\000i\000a\000r\000A\000r\000e\000s\000t\000a\000\050\000\051}{subsection.4.4.2}% 62
\BOOKMARK [3][-]{subsubsection.4.4.2.4}{\376\377\0004\000.\0004\000.\0002\000.\0004\000\040\000c\000r\000i\000a\000r\000G\000r\000a\000f\000o\000\050\000\051}{subsection.4.4.2}% 63
\BOOKMARK [3][-]{subsubsection.4.4.2.5}{\376\377\0004\000.\0004\000.\0002\000.\0005\000\040\000c\000r\000i\000a\000r\000V\000e\000r\000t\000i\000c\000e\000\050\000\051}{subsection.4.4.2}% 64
\BOOKMARK [3][-]{subsubsection.4.4.2.6}{\376\377\0004\000.\0004\000.\0002\000.\0006\000\040\000d\000e\000s\000e\000n\000f\000i\000l\000e\000i\000r\000a\000r\000\050\000\051}{subsection.4.4.2}% 65
\BOOKMARK [3][-]{subsubsection.4.4.2.7}{\376\377\0004\000.\0004\000.\0002\000.\0007\000\040\000d\000e\000t\000e\000t\000a\000r\000I\000n\000t\000e\000r\000s\000e\000c\000o\000e\000s\000\050\000\051}{subsection.4.4.2}% 66
\BOOKMARK [3][-]{subsubsection.4.4.2.8}{\376\377\0004\000.\0004\000.\0002\000.\0008\000\040\000d\000f\000s\000\050\000\051}{subsection.4.4.2}% 67
\BOOKMARK [3][-]{subsubsection.4.4.2.9}{\376\377\0004\000.\0004\000.\0002\000.\0009\000\040\000d\000f\000s\000B\000a\000c\000k\000t\000r\000a\000c\000k\000i\000n\000g\000\050\000\051}{subsection.4.4.2}% 68
\BOOKMARK [3][-]{subsubsection.4.4.2.10}{\376\377\0004\000.\0004\000.\0002\000.\0001\0000\000\040\000e\000n\000c\000o\000n\000t\000r\000a\000r\000C\000a\000m\000i\000n\000h\000o\000D\000F\000S\000\050\000\051}{subsection.4.4.2}% 69
\BOOKMARK [3][-]{subsubsection.4.4.2.11}{\376\377\0004\000.\0004\000.\0002\000.\0001\0001\000\040\000e\000n\000f\000i\000l\000e\000i\000r\000a\000r\000\050\000\051}{subsection.4.4.2}% 70
\BOOKMARK [3][-]{subsubsection.4.4.2.12}{\376\377\0004\000.\0004\000.\0002\000.\0001\0002\000\040\000e\000s\000c\000r\000e\000v\000e\000r\000A\000n\000t\000e\000n\000a\000s\000\050\000\051}{subsection.4.4.2}% 71
\BOOKMARK [3][-]{subsubsection.4.4.2.13}{\376\377\0004\000.\0004\000.\0002\000.\0001\0003\000\040\000e\000s\000c\000r\000e\000v\000e\000r\000B\000F\000S\000\050\000\051}{subsection.4.4.2}% 72
\BOOKMARK [3][-]{subsubsection.4.4.2.14}{\376\377\0004\000.\0004\000.\0002\000.\0001\0004\000\040\000e\000s\000c\000r\000e\000v\000e\000r\000B\000l\000o\000c\000o\000\050\000\051}{subsection.4.4.2}% 73
\BOOKMARK [3][-]{subsubsection.4.4.2.15}{\376\377\0004\000.\0004\000.\0002\000.\0001\0005\000\040\000e\000s\000c\000r\000e\000v\000e\000r\000C\000a\000m\000i\000n\000h\000o\000\050\000\051}{subsection.4.4.2}% 74
\BOOKMARK [3][-]{subsubsection.4.4.2.16}{\376\377\0004\000.\0004\000.\0002\000.\0001\0006\000\040\000e\000s\000c\000r\000e\000v\000e\000r\000D\000F\000S\000\050\000\051}{subsection.4.4.2}% 75
\BOOKMARK [3][-]{subsubsection.4.4.2.17}{\376\377\0004\000.\0004\000.\0002\000.\0001\0007\000\040\000e\000s\000c\000r\000e\000v\000e\000r\000I\000n\000t\000e\000r\000s\000e\000c\000o\000e\000s\000\050\000\051}{subsection.4.4.2}% 76
\BOOKMARK [3][-]{subsubsection.4.4.2.18}{\376\377\0004\000.\0004\000.\0002\000.\0001\0008\000\040\000e\000x\000e\000c\000B\000f\000s\000\050\000\051}{subsection.4.4.2}% 77
\BOOKMARK [3][-]{subsubsection.4.4.2.19}{\376\377\0004\000.\0004\000.\0002\000.\0001\0009\000\040\000e\000x\000e\000c\000D\000f\000s\000\050\000\051}{subsection.4.4.2}% 78
\BOOKMARK [3][-]{subsubsection.4.4.2.20}{\376\377\0004\000.\0004\000.\0002\000.\0002\0000\000\040\000f\000i\000l\000a\000V\000a\000z\000i\000a\000\050\000\051}{subsection.4.4.2}% 79
\BOOKMARK [3][-]{subsubsection.4.4.2.21}{\376\377\0004\000.\0004\000.\0002\000.\0002\0001\000\040\000f\000r\000e\000e\000M\000e\000m\000\050\000\051}{subsection.4.4.2}% 80
\BOOKMARK [3][-]{subsubsection.4.4.2.22}{\376\377\0004\000.\0004\000.\0002\000.\0002\0002\000\040\000i\000n\000i\000c\000i\000a\000l\000i\000z\000a\000r\000F\000i\000l\000a\000\050\000\051}{subsection.4.4.2}% 81
\BOOKMARK [3][-]{subsubsection.4.4.2.23}{\376\377\0004\000.\0004\000.\0002\000.\0002\0003\000\040\000i\000n\000s\000e\000r\000i\000r\000A\000r\000e\000s\000t\000a\000s\000\050\000\051}{subsection.4.4.2}% 82
\BOOKMARK [3][-]{subsubsection.4.4.2.24}{\376\377\0004\000.\0004\000.\0002\000.\0002\0004\000\040\000l\000e\000r\000F\000i\000c\000h\000e\000i\000r\000o\000E\000s\000c\000r\000e\000v\000e\000r\000O\000u\000t\000p\000u\000t\000\050\000\051}{subsection.4.4.2}% 83
\BOOKMARK [3][-]{subsubsection.4.4.2.25}{\376\377\0004\000.\0004\000.\0002\000.\0002\0005\000\040\000p\000r\000o\000c\000u\000r\000a\000r\000A\000n\000t\000e\000n\000a\000I\000d\000\050\000\051}{subsection.4.4.2}% 84
\BOOKMARK [3][-]{subsubsection.4.4.2.26}{\376\377\0004\000.\0004\000.\0002\000.\0002\0006\000\040\000r\000e\000m\000o\000v\000e\000r\000D\000o\000C\000a\000m\000i\000n\000h\000o\000\050\000\051}{subsection.4.4.2}% 85
\BOOKMARK [3][-]{subsubsection.4.4.2.27}{\376\377\0004\000.\0004\000.\0002\000.\0002\0007\000\040\000s\000e\000g\000m\000e\000n\000t\000o\000s\000S\000e\000C\000r\000u\000z\000a\000m\000\050\000\051}{subsection.4.4.2}% 86
\BOOKMARK [0][-]{section*.12}{\376\377\000\315\000n\000d\000i\000c\000e}{}% 87
