\BOOKMARK [0][-]{chapter.1}{\376\377\000I\000n\000t\000r\000o\000d\000u\000\347\000\343\000o}{}% 1
\BOOKMARK [1][-]{section.1.1}{\376\377\000M\000o\000t\000i\000v\000a\000\347\000\343\000o}{chapter.1}% 2
\BOOKMARK [1][-]{section.1.2}{\376\377\000O\000b\000j\000e\000t\000i\000v\000o\000s}{chapter.1}% 3
\BOOKMARK [1][-]{section.1.3}{\376\377\000M\000e\000t\000o\000d\000o\000l\000o\000g\000i\000a}{chapter.1}% 4
\BOOKMARK [1][-]{section.1.4}{\376\377\000E\000s\000t\000r\000u\000t\000u\000r\000a\000\040\000d\000o\000\040\000D\000o\000c\000u\000m\000e\000n\000t\000o}{chapter.1}% 5
\BOOKMARK [0][-]{chapter.2}{\376\377\000D\000e\000s\000c\000r\000i\000\347\000\343\000o\000\040\000d\000o\000\040\000P\000r\000o\000b\000l\000e\000m\000a}{}% 6
\BOOKMARK [1][-]{section.2.1}{\376\377\000R\000e\000q\000u\000i\000s\000i\000t\000o\000s\000\040\000F\000u\000n\000c\000i\000o\000n\000a\000i\000s}{chapter.2}% 7
\BOOKMARK [1][-]{section.2.2}{\376\377\000R\000e\000q\000u\000i\000s\000i\000t\000o\000s\000\040\000N\000\343\000o\000\040\000F\000u\000n\000c\000i\000o\000n\000a\000i\000s}{chapter.2}% 8
\BOOKMARK [0][-]{chapter.3}{\376\377\000S\000o\000l\000u\000\347\000\343\000o\000\040\000I\000m\000p\000l\000e\000m\000e\000n\000t\000a\000d\000a}{}% 9
\BOOKMARK [1][-]{section.3.1}{\376\377\000E\000s\000t\000r\000u\000t\000u\000r\000a\000\040\000d\000e\000\040\000D\000a\000d\000o\000s}{chapter.3}% 10
\BOOKMARK [2][-]{subsection.3.1.1}{\376\377\000R\000e\000p\000r\000e\000s\000e\000n\000t\000a\000\347\000\343\000o\000\040\000d\000e\000\040\000A\000n\000t\000e\000n\000a\000s}{section.3.1}% 11
\BOOKMARK [2][-]{subsection.3.1.2}{\376\377\000R\000e\000p\000r\000e\000s\000e\000n\000t\000a\000\347\000\343\000o\000\040\000d\000e\000\040\000A\000r\000e\000s\000t\000a\000s}{section.3.1}% 12
\BOOKMARK [2][-]{subsection.3.1.3}{\376\377\000E\000s\000t\000r\000u\000t\000u\000r\000a\000\040\000d\000o\000\040\000G\000r\000a\000f\000o}{section.3.1}% 13
\BOOKMARK [1][-]{section.3.2}{\376\377\000A\000r\000q\000u\000i\000t\000e\000t\000u\000r\000a\000\040\000d\000o\000\040\000S\000i\000s\000t\000e\000m\000a}{chapter.3}% 14
\BOOKMARK [1][-]{section.3.3}{\376\377\000P\000r\000i\000n\000c\000i\000p\000a\000i\000s\000\040\000A\000l\000g\000o\000r\000i\000t\000m\000o\000s}{chapter.3}% 15
\BOOKMARK [2][-]{subsection.3.3.1}{\376\377\000C\000o\000n\000s\000t\000r\000u\000\347\000\343\000o\000\040\000d\000o\000\040\000G\000r\000a\000f\000o}{section.3.3}% 16
\BOOKMARK [2][-]{subsection.3.3.2}{\376\377\000P\000e\000s\000q\000u\000i\000s\000a\000\040\000e\000m\000\040\000P\000r\000o\000f\000u\000n\000d\000i\000d\000a\000d\000e\000\040\000\050\000D\000F\000S\000\051}{section.3.3}% 17
\BOOKMARK [2][-]{subsection.3.3.3}{\376\377\000P\000e\000s\000q\000u\000i\000s\000a\000\040\000e\000m\000\040\000L\000a\000r\000g\000u\000r\000a\000\040\000\050\000B\000F\000S\000\051}{section.3.3}% 18
\BOOKMARK [2][-]{subsection.3.3.4}{\376\377\000I\000d\000e\000n\000t\000i\000f\000i\000c\000a\000\347\000\343\000o\000\040\000d\000e\000\040\000C\000a\000m\000i\000n\000h\000o\000s}{section.3.3}% 19
\BOOKMARK [2][-]{subsection.3.3.5}{\376\377\000D\000e\000t\000e\000c\000\347\000\343\000o\000\040\000d\000e\000\040\000I\000n\000t\000e\000r\000s\000e\000\347\000\365\000e\000s}{section.3.3}% 20
\BOOKMARK [0][-]{chapter.4}{\376\377\000E\000x\000e\000m\000p\000l\000o\000s\000\040\000d\000e\000\040\000F\000u\000n\000c\000i\000o\000n\000a\000m\000e\000n\000t\000o}{}% 21
\BOOKMARK [0][-]{chapter.5}{\376\377\000C\000o\000n\000c\000l\000u\000s\000\365\000e\000s\000\040\000e\000\040\000T\000r\000a\000b\000a\000l\000h\000o\000\040\000F\000u\000t\000u\000r\000o}{}% 22
\BOOKMARK [0][-]{chapter.6}{\376\377\000R\000e\000p\000o\000s\000i\000t\000\363\000r\000i\000o\000\040\000e\000\040\000D\000o\000c\000u\000m\000e\000n\000t\000a\000\347\000\343\000o}{}% 23
